The target system is: Linux -  - x86_64
The host system is: Linux - 3.10.0-327.el7.x86_64 - x86_64
Compiling the C compiler identification source file "CMakeCCompilerId.c" succeeded.
Compiler: /home/samba/wangzhi/ocp/ops/ops-build/build/tmp/sysroots/x86_64-linux/usr/bin/x86_64-openswitch-linux/x86_64-openswitch-linux-gcc 
Build flags: ;-m64;-march=core2;-mtune=core2;-msse3;-mfpmath=sse;;--sysroot=/home/samba/wangzhi/ocp/ops/ops-build/build/tmp/sysroots/as5712;;-O;-fno-omit-frame-pointer;-g;-feliminate-unused-debug-types;-fdebug-prefix-map=/home/samba/wangzhi/ocp/ops/ops-build/src/ops-pmd=/usr/src/debug/ops-pmd/git999-r0;-pipe;-DHALON;-DOPS
Id flags: 

The output was:
0


Compilation of the C compiler identification source "CMakeCCompilerId.c" produced "a.out"

The C compiler identification is GNU, found in "/home/samba/wangzhi/ocp/ops/ops-build/src/ops-pmd/build/CMakeFiles/2.8.12.2/CompilerIdC/a.out"

Compiling the CXX compiler identification source file "CMakeCXXCompilerId.cpp" succeeded.
Compiler: /home/samba/wangzhi/ocp/ops/ops-build/build/tmp/sysroots/x86_64-linux/usr/bin/x86_64-openswitch-linux/x86_64-openswitch-linux-g++ 
Build flags: ;-m64;-march=core2;-mtune=core2;-msse3;-mfpmath=sse;;--sysroot=/home/samba/wangzhi/ocp/ops/ops-build/build/tmp/sysroots/as5712;;-O;-fno-omit-frame-pointer;-g;-feliminate-unused-debug-types;-fdebug-prefix-map=/home/samba/wangzhi/ocp/ops/ops-build/src/ops-pmd=/usr/src/debug/ops-pmd/git999-r0;-pipe;-fvisibility-inlines-hidden
Id flags: 

The output was:
0


Compilation of the CXX compiler identification source "CMakeCXXCompilerId.cpp" produced "a.out"

The CXX compiler identification is GNU, found in "/home/samba/wangzhi/ocp/ops/ops-build/src/ops-pmd/build/CMakeFiles/2.8.12.2/CompilerIdCXX/a.out"

Determining if the C compiler works passed with the following output:
Change Dir: /home/samba/wangzhi/ocp/ops/ops-build/src/ops-pmd/build/CMakeFiles/CMakeTmp

Run Build Command:/usr/bin/gmake "cmTryCompileExec2887994767/fast"
make -f CMakeFiles/cmTryCompileExec2887994767.dir/build.make CMakeFiles/cmTryCompileExec2887994767.dir/build
make[1]: Entering directory `/home/samba/wangzhi/ocp/ops/ops-build/src/ops-pmd/build/CMakeFiles/CMakeTmp'
/home/samba/wangzhi/ocp/ops/ops-build/build/tmp/sysroots/x86_64-linux/usr/bin/cmake -E cmake_progress_report /home/samba/wangzhi/ocp/ops/ops-build/src/ops-pmd/build/CMakeFiles/CMakeTmp/CMakeFiles 1
Building C object CMakeFiles/cmTryCompileExec2887994767.dir/testCCompiler.c.o
/home/samba/wangzhi/ocp/ops/ops-build/build/tmp/sysroots/x86_64-linux/usr/bin/x86_64-openswitch-linux/x86_64-openswitch-linux-gcc   -m64 -march=core2 -mtune=core2 -msse3 -mfpmath=sse  --sysroot=/home/samba/wangzhi/ocp/ops/ops-build/build/tmp/sysroots/as5712  -O -fno-omit-frame-pointer -g -feliminate-unused-debug-types -fdebug-prefix-map=/home/samba/wangzhi/ocp/ops/ops-build/src/ops-pmd=/usr/src/debug/ops-pmd/git999-r0 -pipe -DHALON -DOPS    -o CMakeFiles/cmTryCompileExec2887994767.dir/testCCompiler.c.o   -c /home/samba/wangzhi/ocp/ops/ops-build/src/ops-pmd/build/CMakeFiles/CMakeTmp/testCCompiler.c
Linking C executable cmTryCompileExec2887994767
/home/samba/wangzhi/ocp/ops/ops-build/build/tmp/sysroots/x86_64-linux/usr/bin/cmake -E cmake_link_script CMakeFiles/cmTryCompileExec2887994767.dir/link.txt --verbose=1
/home/samba/wangzhi/ocp/ops/ops-build/build/tmp/sysroots/x86_64-linux/usr/bin/x86_64-openswitch-linux/x86_64-openswitch-linux-gcc   -m64 -march=core2 -mtune=core2 -msse3 -mfpmath=sse  --sysroot=/home/samba/wangzhi/ocp/ops/ops-build/build/tmp/sysroots/as5712  -O -fno-omit-frame-pointer -g -feliminate-unused-debug-types -fdebug-prefix-map=/home/samba/wangzhi/ocp/ops/ops-build/src/ops-pmd=/usr/src/debug/ops-pmd/git999-r0 -pipe -DHALON -DOPS   -m64 -march=core2 -mtune=core2 -msse3 -mfpmath=sse  --sysroot=/home/samba/wangzhi/ocp/ops/ops-build/build/tmp/sysroots/as5712  -Wl,-O1 -Wl,--hash-style=gnu -Wl,--as-needed  -Wl,-O1 -Wl,--hash-style=gnu -Wl,--as-needed CMakeFiles/cmTryCompileExec2887994767.dir/testCCompiler.c.o  -o cmTryCompileExec2887994767 -rdynamic 
make[1]: Leaving directory `/home/samba/wangzhi/ocp/ops/ops-build/src/ops-pmd/build/CMakeFiles/CMakeTmp'


Detecting C compiler ABI info compiled with the following output:
Change Dir: /home/samba/wangzhi/ocp/ops/ops-build/src/ops-pmd/build/CMakeFiles/CMakeTmp

Run Build Command:/usr/bin/gmake "cmTryCompileExec1980795529/fast"
make -f CMakeFiles/cmTryCompileExec1980795529.dir/build.make CMakeFiles/cmTryCompileExec1980795529.dir/build
make[1]: Entering directory `/home/samba/wangzhi/ocp/ops/ops-build/src/ops-pmd/build/CMakeFiles/CMakeTmp'
/home/samba/wangzhi/ocp/ops/ops-build/build/tmp/sysroots/x86_64-linux/usr/bin/cmake -E cmake_progress_report /home/samba/wangzhi/ocp/ops/ops-build/src/ops-pmd/build/CMakeFiles/CMakeTmp/CMakeFiles 1
Building C object CMakeFiles/cmTryCompileExec1980795529.dir/CMakeCCompilerABI.c.o
/home/samba/wangzhi/ocp/ops/ops-build/build/tmp/sysroots/x86_64-linux/usr/bin/x86_64-openswitch-linux/x86_64-openswitch-linux-gcc   -m64 -march=core2 -mtune=core2 -msse3 -mfpmath=sse  --sysroot=/home/samba/wangzhi/ocp/ops/ops-build/build/tmp/sysroots/as5712  -O -fno-omit-frame-pointer -g -feliminate-unused-debug-types -fdebug-prefix-map=/home/samba/wangzhi/ocp/ops/ops-build/src/ops-pmd=/usr/src/debug/ops-pmd/git999-r0 -pipe -DHALON -DOPS    -o CMakeFiles/cmTryCompileExec1980795529.dir/CMakeCCompilerABI.c.o   -c /home/samba/wangzhi/ocp/ops/ops-build/build/tmp/sysroots/x86_64-linux/usr/share/cmake-2.8/Modules/CMakeCCompilerABI.c
Linking C executable cmTryCompileExec1980795529
/home/samba/wangzhi/ocp/ops/ops-build/build/tmp/sysroots/x86_64-linux/usr/bin/cmake -E cmake_link_script CMakeFiles/cmTryCompileExec1980795529.dir/link.txt --verbose=1
/home/samba/wangzhi/ocp/ops/ops-build/build/tmp/sysroots/x86_64-linux/usr/bin/x86_64-openswitch-linux/x86_64-openswitch-linux-gcc   -m64 -march=core2 -mtune=core2 -msse3 -mfpmath=sse  --sysroot=/home/samba/wangzhi/ocp/ops/ops-build/build/tmp/sysroots/as5712  -O -fno-omit-frame-pointer -g -feliminate-unused-debug-types -fdebug-prefix-map=/home/samba/wangzhi/ocp/ops/ops-build/src/ops-pmd=/usr/src/debug/ops-pmd/git999-r0 -pipe -DHALON -DOPS   -m64 -march=core2 -mtune=core2 -msse3 -mfpmath=sse  --sysroot=/home/samba/wangzhi/ocp/ops/ops-build/build/tmp/sysroots/as5712  -Wl,-O1 -Wl,--hash-style=gnu -Wl,--as-needed -v CMakeFiles/cmTryCompileExec1980795529.dir/CMakeCCompilerABI.c.o  -o cmTryCompileExec1980795529 -rdynamic  
Using built-in specs.
COLLECT_GCC=/home/samba/wangzhi/ocp/ops/ops-build/build/tmp/sysroots/x86_64-linux/usr/bin/x86_64-openswitch-linux/x86_64-openswitch-linux-gcc
COLLECT_LTO_WRAPPER=/home/samba/wangzhi/ocp/ops/ops-build/build/tmp/sysroots/x86_64-linux/usr/libexec/x86_64-openswitch-linux/gcc/x86_64-openswitch-linux/4.9.2/lto-wrapper
Target: x86_64-openswitch-linux
Configured with: /home/samba/wangzhi/ocp/ops/ops-build/build/tmp/work-shared/gcc-4.9.2-r0/gcc-4.9.2/configure --build=x86_64-linux --host=x86_64-linux --target=x86_64-openswitch-linux --prefix=/home/samba/wangzhi/ocp/ops/ops-build/build/tmp/sysroots/x86_64-linux/usr --exec_prefix=/home/samba/wangzhi/ocp/ops/ops-build/build/tmp/sysroots/x86_64-linux/usr --bindir=/home/samba/wangzhi/ocp/ops/ops-build/build/tmp/sysroots/x86_64-linux/usr/bin/x86_64-openswitch-linux --sbindir=/home/samba/wangzhi/ocp/ops/ops-build/build/tmp/sysroots/x86_64-linux/usr/bin/x86_64-openswitch-linux --libexecdir=/home/samba/wangzhi/ocp/ops/ops-build/build/tmp/sysroots/x86_64-linux/usr/libexec/x86_64-openswitch-linux --datadir=/home/samba/wangzhi/ocp/ops/ops-build/build/tmp/sysroots/x86_64-linux/usr/share --sysconfdir=/home/samba/wangzhi/ocp/ops/ops-build/build/tmp/sysroots/x86_64-linux/etc --sharedstatedir=/home/samba/wangzhi/ocp/ops/ops-build/build/tmp/sysroots/x86_64-linux/com --localstatedir=/home/samba/wangzhi/ocp/ops/ops-build/build/tmp/sysroots/x86_64-linux/var --libdir=/home/samba/wangzhi/ocp/ops/ops-build/build/tmp/sysroots/x86_64-linux/usr/lib/x86_64-openswitch-linux --includedir=/home/samba/wangzhi/ocp/ops/ops-build/build/tmp/sysroots/x86_64-linux/usr/include --oldincludedir=/home/samba/wangzhi/ocp/ops/ops-build/build/tmp/sysroots/x86_64-linux/usr/include --infodir=/home/samba/wangzhi/ocp/ops/ops-build/build/tmp/sysroots/x86_64-linux/usr/share/info --mandir=/home/samba/wangzhi/ocp/ops/ops-build/build/tmp/sysroots/x86_64-linux/usr/share/man --disable-silent-rules --disable-dependency-tracking --with-libtool-sysroot=/home/samba/wangzhi/ocp/ops/ops-build/build/tmp/sysroots/x86_64-linux --enable-clocale=generic --with-gnu-ld --enable-shared --enable-languages=c,c++ --enable-threads=posix --disable-multilib --enable-c99 --enable-long-long --enable-symvers=gnu --enable-libstdcxx-pch --program-prefix=x86_64-openswitch-linux- --without-local-prefix --enable-target-optspace --enable-lto --enable-libssp --disable-bootstrap --disable-libmudflap --with-system-zlib --with-linker-hash-style=gnu --enable-linker-build-id --with-ppl=no --with-cloog=no --enable-checking=release --enable-cheaders=c_global --with-gxx-include-dir=/not/exist/usr/include/c++/4.9.2 --with-sysroot=/not/exist --with-build-sysroot=/home/samba/wangzhi/ocp/ops/ops-build/build/tmp/sysroots/as5712 --enable-poison-system-directories --with-mpfr=/home/samba/wangzhi/ocp/ops/ops-build/build/tmp/sysroots/x86_64-linux/usr --with-system-zlib --disable-nls --enable-__cxa_atexit
Thread model: posix
gcc version 4.9.2 (GCC) 
COMPILER_PATH=/home/samba/wangzhi/ocp/ops/ops-build/build/tmp/sysroots/x86_64-linux/usr/libexec/x86_64-openswitch-linux/gcc/x86_64-openswitch-linux/4.9.2/:/home/samba/wangzhi/ocp/ops/ops-build/build/tmp/sysroots/x86_64-linux/usr/libexec/x86_64-openswitch-linux/gcc/x86_64-openswitch-linux/4.9.2/:/home/samba/wangzhi/ocp/ops/ops-build/build/tmp/sysroots/x86_64-linux/usr/libexec/x86_64-openswitch-linux/gcc/x86_64-openswitch-linux/:/home/samba/wangzhi/ocp/ops/ops-build/build/tmp/sysroots/x86_64-linux/usr/lib/x86_64-openswitch-linux/gcc/x86_64-openswitch-linux/4.9.2/:/home/samba/wangzhi/ocp/ops/ops-build/build/tmp/sysroots/x86_64-linux/usr/lib/x86_64-openswitch-linux/gcc/x86_64-openswitch-linux/
LIBRARY_PATH=/home/samba/wangzhi/ocp/ops/ops-build/build/tmp/sysroots/x86_64-linux/usr/lib/x86_64-openswitch-linux/gcc/x86_64-openswitch-linux/4.9.2/:/home/samba/wangzhi/ocp/ops/ops-build/build/tmp/sysroots/as5712/lib/../lib/:/home/samba/wangzhi/ocp/ops/ops-build/build/tmp/sysroots/as5712/usr/lib/x86_64-openswitch-linux/4.9.2/:/home/samba/wangzhi/ocp/ops/ops-build/build/tmp/sysroots/as5712/usr/lib/../lib/:/home/samba/wangzhi/ocp/ops/ops-build/build/tmp/sysroots/as5712/lib/:/home/samba/wangzhi/ocp/ops/ops-build/build/tmp/sysroots/as5712/usr/lib/
COLLECT_GCC_OPTIONS='--sysroot=/home/samba/wangzhi/ocp/ops/ops-build/build/tmp/sysroots/as5712' '-march=core2' '-mtune=core2' '-mfpmath=sse' '-O' '-fno-omit-frame-pointer' '-g' '-feliminate-unused-debug-types' '-fdebug-prefix-map=/home/samba/wangzhi/ocp/ops/ops-build/src/ops-pmd=/usr/src/debug/ops-pmd/git999-r0' '-pipe' '-D' 'HALON' '-D' 'OPS' '-m64' '-march=core2' '-mtune=core2' '-msse3' '-mfpmath=sse' '-v' '-o' 'cmTryCompileExec1980795529' '-rdynamic'
 /home/samba/wangzhi/ocp/ops/ops-build/build/tmp/sysroots/x86_64-linux/usr/libexec/x86_64-openswitch-linux/gcc/x86_64-openswitch-linux/4.9.2/collect2 -plugin /home/samba/wangzhi/ocp/ops/ops-build/build/tmp/sysroots/x86_64-linux/usr/libexec/x86_64-openswitch-linux/gcc/x86_64-openswitch-linux/4.9.2/liblto_plugin.so -plugin-opt=/home/samba/wangzhi/ocp/ops/ops-build/build/tmp/sysroots/x86_64-linux/usr/libexec/x86_64-openswitch-linux/gcc/x86_64-openswitch-linux/4.9.2/lto-wrapper -plugin-opt=-fresolution=/tmp/ccxLXTGB.res -plugin-opt=-pass-through=-lgcc -plugin-opt=-pass-through=-lgcc_s -plugin-opt=-pass-through=-lc -plugin-opt=-pass-through=-lgcc -plugin-opt=-pass-through=-lgcc_s --sysroot=/home/samba/wangzhi/ocp/ops/ops-build/build/tmp/sysroots/as5712 --build-id --eh-frame-hdr --hash-style=gnu -m elf_x86_64 -export-dynamic -dynamic-linker /lib/ld-linux-x86-64.so.2 -o cmTryCompileExec1980795529 /home/samba/wangzhi/ocp/ops/ops-build/build/tmp/sysroots/as5712/usr/lib/../lib/crt1.o /home/samba/wangzhi/ocp/ops/ops-build/build/tmp/sysroots/as5712/usr/lib/../lib/crti.o /home/samba/wangzhi/ocp/ops/ops-build/build/tmp/sysroots/as5712/usr/lib/x86_64-openswitch-linux/4.9.2/crtbegin.o -L/home/samba/wangzhi/ocp/ops/ops-build/build/tmp/sysroots/x86_64-linux/usr/lib/x86_64-openswitch-linux/gcc/x86_64-openswitch-linux/4.9.2 -L/home/samba/wangzhi/ocp/ops/ops-build/build/tmp/sysroots/as5712/lib/../lib -L/home/samba/wangzhi/ocp/ops/ops-build/build/tmp/sysroots/as5712/usr/lib/x86_64-openswitch-linux/4.9.2 -L/home/samba/wangzhi/ocp/ops/ops-build/build/tmp/sysroots/as5712/usr/lib/../lib -L/home/samba/wangzhi/ocp/ops/ops-build/build/tmp/sysroots/as5712/lib -L/home/samba/wangzhi/ocp/ops/ops-build/build/tmp/sysroots/as5712/usr/lib -O1 --hash-style=gnu --as-needed CMakeFiles/cmTryCompileExec1980795529.dir/CMakeCCompilerABI.c.o -lgcc --as-needed -lgcc_s --no-as-needed -lc -lgcc --as-needed -lgcc_s --no-as-needed /home/samba/wangzhi/ocp/ops/ops-build/build/tmp/sysroots/as5712/usr/lib/x86_64-openswitch-linux/4.9.2/crtend.o /home/samba/wangzhi/ocp/ops/ops-build/build/tmp/sysroots/as5712/usr/lib/../lib/crtn.o
make[1]: Leaving directory `/home/samba/wangzhi/ocp/ops/ops-build/src/ops-pmd/build/CMakeFiles/CMakeTmp'


Parsed C implicit link information from above output:
  link line regex: [^( *|.*[/\])(x86_64-openswitch-linux-ld|([^/\]+-)?ld|collect2)[^/\]*( |$)]
  ignore line: [Change Dir: /home/samba/wangzhi/ocp/ops/ops-build/src/ops-pmd/build/CMakeFiles/CMakeTmp]
  ignore line: []
  ignore line: [Run Build Command:/usr/bin/gmake "cmTryCompileExec1980795529/fast"]
  ignore line: [make -f CMakeFiles/cmTryCompileExec1980795529.dir/build.make CMakeFiles/cmTryCompileExec1980795529.dir/build]
  ignore line: [make[1]: Entering directory `/home/samba/wangzhi/ocp/ops/ops-build/src/ops-pmd/build/CMakeFiles/CMakeTmp']
  ignore line: [/home/samba/wangzhi/ocp/ops/ops-build/build/tmp/sysroots/x86_64-linux/usr/bin/cmake -E cmake_progress_report /home/samba/wangzhi/ocp/ops/ops-build/src/ops-pmd/build/CMakeFiles/CMakeTmp/CMakeFiles 1]
  ignore line: [Building C object CMakeFiles/cmTryCompileExec1980795529.dir/CMakeCCompilerABI.c.o]
  ignore line: [/home/samba/wangzhi/ocp/ops/ops-build/build/tmp/sysroots/x86_64-linux/usr/bin/x86_64-openswitch-linux/x86_64-openswitch-linux-gcc   -m64 -march=core2 -mtune=core2 -msse3 -mfpmath=sse  --sysroot=/home/samba/wangzhi/ocp/ops/ops-build/build/tmp/sysroots/as5712  -O -fno-omit-frame-pointer -g -feliminate-unused-debug-types -fdebug-prefix-map=/home/samba/wangzhi/ocp/ops/ops-build/src/ops-pmd=/usr/src/debug/ops-pmd/git999-r0 -pipe -DHALON -DOPS    -o CMakeFiles/cmTryCompileExec1980795529.dir/CMakeCCompilerABI.c.o   -c /home/samba/wangzhi/ocp/ops/ops-build/build/tmp/sysroots/x86_64-linux/usr/share/cmake-2.8/Modules/CMakeCCompilerABI.c]
  ignore line: [Linking C executable cmTryCompileExec1980795529]
  ignore line: [/home/samba/wangzhi/ocp/ops/ops-build/build/tmp/sysroots/x86_64-linux/usr/bin/cmake -E cmake_link_script CMakeFiles/cmTryCompileExec1980795529.dir/link.txt --verbose=1]
  ignore line: [/home/samba/wangzhi/ocp/ops/ops-build/build/tmp/sysroots/x86_64-linux/usr/bin/x86_64-openswitch-linux/x86_64-openswitch-linux-gcc   -m64 -march=core2 -mtune=core2 -msse3 -mfpmath=sse  --sysroot=/home/samba/wangzhi/ocp/ops/ops-build/build/tmp/sysroots/as5712  -O -fno-omit-frame-pointer -g -feliminate-unused-debug-types -fdebug-prefix-map=/home/samba/wangzhi/ocp/ops/ops-build/src/ops-pmd=/usr/src/debug/ops-pmd/git999-r0 -pipe -DHALON -DOPS   -m64 -march=core2 -mtune=core2 -msse3 -mfpmath=sse  --sysroot=/home/samba/wangzhi/ocp/ops/ops-build/build/tmp/sysroots/as5712  -Wl,-O1 -Wl,--hash-style=gnu -Wl,--as-needed -v CMakeFiles/cmTryCompileExec1980795529.dir/CMakeCCompilerABI.c.o  -o cmTryCompileExec1980795529 -rdynamic  ]
  ignore line: [Using built-in specs.]
  ignore line: [COLLECT_GCC=/home/samba/wangzhi/ocp/ops/ops-build/build/tmp/sysroots/x86_64-linux/usr/bin/x86_64-openswitch-linux/x86_64-openswitch-linux-gcc]
  ignore line: [COLLECT_LTO_WRAPPER=/home/samba/wangzhi/ocp/ops/ops-build/build/tmp/sysroots/x86_64-linux/usr/libexec/x86_64-openswitch-linux/gcc/x86_64-openswitch-linux/4.9.2/lto-wrapper]
  ignore line: [Target: x86_64-openswitch-linux]
  ignore line: [Configured with: /home/samba/wangzhi/ocp/ops/ops-build/build/tmp/work-shared/gcc-4.9.2-r0/gcc-4.9.2/configure --build=x86_64-linux --host=x86_64-linux --target=x86_64-openswitch-linux --prefix=/home/samba/wangzhi/ocp/ops/ops-build/build/tmp/sysroots/x86_64-linux/usr --exec_prefix=/home/samba/wangzhi/ocp/ops/ops-build/build/tmp/sysroots/x86_64-linux/usr --bindir=/home/samba/wangzhi/ocp/ops/ops-build/build/tmp/sysroots/x86_64-linux/usr/bin/x86_64-openswitch-linux --sbindir=/home/samba/wangzhi/ocp/ops/ops-build/build/tmp/sysroots/x86_64-linux/usr/bin/x86_64-openswitch-linux --libexecdir=/home/samba/wangzhi/ocp/ops/ops-build/build/tmp/sysroots/x86_64-linux/usr/libexec/x86_64-openswitch-linux --datadir=/home/samba/wangzhi/ocp/ops/ops-build/build/tmp/sysroots/x86_64-linux/usr/share --sysconfdir=/home/samba/wangzhi/ocp/ops/ops-build/build/tmp/sysroots/x86_64-linux/etc --sharedstatedir=/home/samba/wangzhi/ocp/ops/ops-build/build/tmp/sysroots/x86_64-linux/com --localstatedir=/home/samba/wangzhi/ocp/ops/ops-build/build/tmp/sysroots/x86_64-linux/var --libdir=/home/samba/wangzhi/ocp/ops/ops-build/build/tmp/sysroots/x86_64-linux/usr/lib/x86_64-openswitch-linux --includedir=/home/samba/wangzhi/ocp/ops/ops-build/build/tmp/sysroots/x86_64-linux/usr/include --oldincludedir=/home/samba/wangzhi/ocp/ops/ops-build/build/tmp/sysroots/x86_64-linux/usr/include --infodir=/home/samba/wangzhi/ocp/ops/ops-build/build/tmp/sysroots/x86_64-linux/usr/share/info --mandir=/home/samba/wangzhi/ocp/ops/ops-build/build/tmp/sysroots/x86_64-linux/usr/share/man --disable-silent-rules --disable-dependency-tracking --with-libtool-sysroot=/home/samba/wangzhi/ocp/ops/ops-build/build/tmp/sysroots/x86_64-linux --enable-clocale=generic --with-gnu-ld --enable-shared --enable-languages=c,c++ --enable-threads=posix --disable-multilib --enable-c99 --enable-long-long --enable-symvers=gnu --enable-libstdcxx-pch --program-prefix=x86_64-openswitch-linux- --without-local-prefix --enable-target-optspace --enable-lto --enable-libssp --disable-bootstrap --disable-libmudflap --with-system-zlib --with-linker-hash-style=gnu --enable-linker-build-id --with-ppl=no --with-cloog=no --enable-checking=release --enable-cheaders=c_global --with-gxx-include-dir=/not/exist/usr/include/c++/4.9.2 --with-sysroot=/not/exist --with-build-sysroot=/home/samba/wangzhi/ocp/ops/ops-build/build/tmp/sysroots/as5712 --enable-poison-system-directories --with-mpfr=/home/samba/wangzhi/ocp/ops/ops-build/build/tmp/sysroots/x86_64-linux/usr --with-system-zlib --disable-nls --enable-__cxa_atexit]
  ignore line: [Thread model: posix]
  ignore line: [gcc version 4.9.2 (GCC) ]
  ignore line: [COMPILER_PATH=/home/samba/wangzhi/ocp/ops/ops-build/build/tmp/sysroots/x86_64-linux/usr/libexec/x86_64-openswitch-linux/gcc/x86_64-openswitch-linux/4.9.2/:/home/samba/wangzhi/ocp/ops/ops-build/build/tmp/sysroots/x86_64-linux/usr/libexec/x86_64-openswitch-linux/gcc/x86_64-openswitch-linux/4.9.2/:/home/samba/wangzhi/ocp/ops/ops-build/build/tmp/sysroots/x86_64-linux/usr/libexec/x86_64-openswitch-linux/gcc/x86_64-openswitch-linux/:/home/samba/wangzhi/ocp/ops/ops-build/build/tmp/sysroots/x86_64-linux/usr/lib/x86_64-openswitch-linux/gcc/x86_64-openswitch-linux/4.9.2/:/home/samba/wangzhi/ocp/ops/ops-build/build/tmp/sysroots/x86_64-linux/usr/lib/x86_64-openswitch-linux/gcc/x86_64-openswitch-linux/]
  ignore line: [LIBRARY_PATH=/home/samba/wangzhi/ocp/ops/ops-build/build/tmp/sysroots/x86_64-linux/usr/lib/x86_64-openswitch-linux/gcc/x86_64-openswitch-linux/4.9.2/:/home/samba/wangzhi/ocp/ops/ops-build/build/tmp/sysroots/as5712/lib/../lib/:/home/samba/wangzhi/ocp/ops/ops-build/build/tmp/sysroots/as5712/usr/lib/x86_64-openswitch-linux/4.9.2/:/home/samba/wangzhi/ocp/ops/ops-build/build/tmp/sysroots/as5712/usr/lib/../lib/:/home/samba/wangzhi/ocp/ops/ops-build/build/tmp/sysroots/as5712/lib/:/home/samba/wangzhi/ocp/ops/ops-build/build/tmp/sysroots/as5712/usr/lib/]
  ignore line: [COLLECT_GCC_OPTIONS='--sysroot=/home/samba/wangzhi/ocp/ops/ops-build/build/tmp/sysroots/as5712' '-march=core2' '-mtune=core2' '-mfpmath=sse' '-O' '-fno-omit-frame-pointer' '-g' '-feliminate-unused-debug-types' '-fdebug-prefix-map=/home/samba/wangzhi/ocp/ops/ops-build/src/ops-pmd=/usr/src/debug/ops-pmd/git999-r0' '-pipe' '-D' 'HALON' '-D' 'OPS' '-m64' '-march=core2' '-mtune=core2' '-msse3' '-mfpmath=sse' '-v' '-o' 'cmTryCompileExec1980795529' '-rdynamic']
  link line: [ /home/samba/wangzhi/ocp/ops/ops-build/build/tmp/sysroots/x86_64-linux/usr/libexec/x86_64-openswitch-linux/gcc/x86_64-openswitch-linux/4.9.2/collect2 -plugin /home/samba/wangzhi/ocp/ops/ops-build/build/tmp/sysroots/x86_64-linux/usr/libexec/x86_64-openswitch-linux/gcc/x86_64-openswitch-linux/4.9.2/liblto_plugin.so -plugin-opt=/home/samba/wangzhi/ocp/ops/ops-build/build/tmp/sysroots/x86_64-linux/usr/libexec/x86_64-openswitch-linux/gcc/x86_64-openswitch-linux/4.9.2/lto-wrapper -plugin-opt=-fresolution=/tmp/ccxLXTGB.res -plugin-opt=-pass-through=-lgcc -plugin-opt=-pass-through=-lgcc_s -plugin-opt=-pass-through=-lc -plugin-opt=-pass-through=-lgcc -plugin-opt=-pass-through=-lgcc_s --sysroot=/home/samba/wangzhi/ocp/ops/ops-build/build/tmp/sysroots/as5712 --build-id --eh-frame-hdr --hash-style=gnu -m elf_x86_64 -export-dynamic -dynamic-linker /lib/ld-linux-x86-64.so.2 -o cmTryCompileExec1980795529 /home/samba/wangzhi/ocp/ops/ops-build/build/tmp/sysroots/as5712/usr/lib/../lib/crt1.o /home/samba/wangzhi/ocp/ops/ops-build/build/tmp/sysroots/as5712/usr/lib/../lib/crti.o /home/samba/wangzhi/ocp/ops/ops-build/build/tmp/sysroots/as5712/usr/lib/x86_64-openswitch-linux/4.9.2/crtbegin.o -L/home/samba/wangzhi/ocp/ops/ops-build/build/tmp/sysroots/x86_64-linux/usr/lib/x86_64-openswitch-linux/gcc/x86_64-openswitch-linux/4.9.2 -L/home/samba/wangzhi/ocp/ops/ops-build/build/tmp/sysroots/as5712/lib/../lib -L/home/samba/wangzhi/ocp/ops/ops-build/build/tmp/sysroots/as5712/usr/lib/x86_64-openswitch-linux/4.9.2 -L/home/samba/wangzhi/ocp/ops/ops-build/build/tmp/sysroots/as5712/usr/lib/../lib -L/home/samba/wangzhi/ocp/ops/ops-build/build/tmp/sysroots/as5712/lib -L/home/samba/wangzhi/ocp/ops/ops-build/build/tmp/sysroots/as5712/usr/lib -O1 --hash-style=gnu --as-needed CMakeFiles/cmTryCompileExec1980795529.dir/CMakeCCompilerABI.c.o -lgcc --as-needed -lgcc_s --no-as-needed -lc -lgcc --as-needed -lgcc_s --no-as-needed /home/samba/wangzhi/ocp/ops/ops-build/build/tmp/sysroots/as5712/usr/lib/x86_64-openswitch-linux/4.9.2/crtend.o /home/samba/wangzhi/ocp/ops/ops-build/build/tmp/sysroots/as5712/usr/lib/../lib/crtn.o]
    arg [/home/samba/wangzhi/ocp/ops/ops-build/build/tmp/sysroots/x86_64-linux/usr/libexec/x86_64-openswitch-linux/gcc/x86_64-openswitch-linux/4.9.2/collect2] ==> ignore
    arg [-plugin] ==> ignore
    arg [/home/samba/wangzhi/ocp/ops/ops-build/build/tmp/sysroots/x86_64-linux/usr/libexec/x86_64-openswitch-linux/gcc/x86_64-openswitch-linux/4.9.2/liblto_plugin.so] ==> ignore
    arg [-plugin-opt=/home/samba/wangzhi/ocp/ops/ops-build/build/tmp/sysroots/x86_64-linux/usr/libexec/x86_64-openswitch-linux/gcc/x86_64-openswitch-linux/4.9.2/lto-wrapper] ==> ignore
    arg [-plugin-opt=-fresolution=/tmp/ccxLXTGB.res] ==> ignore
    arg [-plugin-opt=-pass-through=-lgcc] ==> ignore
    arg [-plugin-opt=-pass-through=-lgcc_s] ==> ignore
    arg [-plugin-opt=-pass-through=-lc] ==> ignore
    arg [-plugin-opt=-pass-through=-lgcc] ==> ignore
    arg [-plugin-opt=-pass-through=-lgcc_s] ==> ignore
    arg [--sysroot=/home/samba/wangzhi/ocp/ops/ops-build/build/tmp/sysroots/as5712] ==> ignore
    arg [--build-id] ==> ignore
    arg [--eh-frame-hdr] ==> ignore
    arg [--hash-style=gnu] ==> ignore
    arg [-m] ==> ignore
    arg [elf_x86_64] ==> ignore
    arg [-export-dynamic] ==> ignore
    arg [-dynamic-linker] ==> ignore
    arg [/lib/ld-linux-x86-64.so.2] ==> ignore
    arg [-o] ==> ignore
    arg [cmTryCompileExec1980795529] ==> ignore
    arg [/home/samba/wangzhi/ocp/ops/ops-build/build/tmp/sysroots/as5712/usr/lib/../lib/crt1.o] ==> ignore
    arg [/home/samba/wangzhi/ocp/ops/ops-build/build/tmp/sysroots/as5712/usr/lib/../lib/crti.o] ==> ignore
    arg [/home/samba/wangzhi/ocp/ops/ops-build/build/tmp/sysroots/as5712/usr/lib/x86_64-openswitch-linux/4.9.2/crtbegin.o] ==> ignore
    arg [-L/home/samba/wangzhi/ocp/ops/ops-build/build/tmp/sysroots/x86_64-linux/usr/lib/x86_64-openswitch-linux/gcc/x86_64-openswitch-linux/4.9.2] ==> dir [/home/samba/wangzhi/ocp/ops/ops-build/build/tmp/sysroots/x86_64-linux/usr/lib/x86_64-openswitch-linux/gcc/x86_64-openswitch-linux/4.9.2]
    arg [-L/home/samba/wangzhi/ocp/ops/ops-build/build/tmp/sysroots/as5712/lib/../lib] ==> dir [/home/samba/wangzhi/ocp/ops/ops-build/build/tmp/sysroots/as5712/lib/../lib]
    arg [-L/home/samba/wangzhi/ocp/ops/ops-build/build/tmp/sysroots/as5712/usr/lib/x86_64-openswitch-linux/4.9.2] ==> dir [/home/samba/wangzhi/ocp/ops/ops-build/build/tmp/sysroots/as5712/usr/lib/x86_64-openswitch-linux/4.9.2]
    arg [-L/home/samba/wangzhi/ocp/ops/ops-build/build/tmp/sysroots/as5712/usr/lib/../lib] ==> dir [/home/samba/wangzhi/ocp/ops/ops-build/build/tmp/sysroots/as5712/usr/lib/../lib]
    arg [-L/home/samba/wangzhi/ocp/ops/ops-build/build/tmp/sysroots/as5712/lib] ==> dir [/home/samba/wangzhi/ocp/ops/ops-build/build/tmp/sysroots/as5712/lib]
    arg [-L/home/samba/wangzhi/ocp/ops/ops-build/build/tmp/sysroots/as5712/usr/lib] ==> dir [/home/samba/wangzhi/ocp/ops/ops-build/build/tmp/sysroots/as5712/usr/lib]
    arg [-O1] ==> ignore
    arg [--hash-style=gnu] ==> ignore
    arg [--as-needed] ==> ignore
    arg [CMakeFiles/cmTryCompileExec1980795529.dir/CMakeCCompilerABI.c.o] ==> ignore
    arg [-lgcc] ==> lib [gcc]
    arg [--as-needed] ==> ignore
    arg [-lgcc_s] ==> lib [gcc_s]
    arg [--no-as-needed] ==> ignore
    arg [-lc] ==> lib [c]
    arg [-lgcc] ==> lib [gcc]
    arg [--as-needed] ==> ignore
    arg [-lgcc_s] ==> lib [gcc_s]
    arg [--no-as-needed] ==> ignore
    arg [/home/samba/wangzhi/ocp/ops/ops-build/build/tmp/sysroots/as5712/usr/lib/x86_64-openswitch-linux/4.9.2/crtend.o] ==> ignore
    arg [/home/samba/wangzhi/ocp/ops/ops-build/build/tmp/sysroots/as5712/usr/lib/../lib/crtn.o] ==> ignore
  remove lib [gcc]
  remove lib [gcc_s]
  remove lib [gcc]
  remove lib [gcc_s]
  collapse library dir [/home/samba/wangzhi/ocp/ops/ops-build/build/tmp/sysroots/x86_64-linux/usr/lib/x86_64-openswitch-linux/gcc/x86_64-openswitch-linux/4.9.2] ==> [/home/samba/wangzhi/ocp/ops/ops-build/build/tmp/sysroots/x86_64-linux/usr/lib/x86_64-openswitch-linux/gcc/x86_64-openswitch-linux/4.9.2]
  collapse library dir [/home/samba/wangzhi/ocp/ops/ops-build/build/tmp/sysroots/as5712/lib/../lib] ==> [/home/samba/wangzhi/ocp/ops/ops-build/build/tmp/sysroots/as5712/lib]
  collapse library dir [/home/samba/wangzhi/ocp/ops/ops-build/build/tmp/sysroots/as5712/usr/lib/x86_64-openswitch-linux/4.9.2] ==> [/home/samba/wangzhi/ocp/ops/ops-build/build/tmp/sysroots/as5712/usr/lib/x86_64-openswitch-linux/4.9.2]
  collapse library dir [/home/samba/wangzhi/ocp/ops/ops-build/build/tmp/sysroots/as5712/usr/lib/../lib] ==> [/home/samba/wangzhi/ocp/ops/ops-build/build/tmp/sysroots/as5712/usr/lib]
  collapse library dir [/home/samba/wangzhi/ocp/ops/ops-build/build/tmp/sysroots/as5712/lib] ==> [/home/samba/wangzhi/ocp/ops/ops-build/build/tmp/sysroots/as5712/lib]
  collapse library dir [/home/samba/wangzhi/ocp/ops/ops-build/build/tmp/sysroots/as5712/usr/lib] ==> [/home/samba/wangzhi/ocp/ops/ops-build/build/tmp/sysroots/as5712/usr/lib]
  implicit libs: [c]
  implicit dirs: [/home/samba/wangzhi/ocp/ops/ops-build/build/tmp/sysroots/x86_64-linux/usr/lib/x86_64-openswitch-linux/gcc/x86_64-openswitch-linux/4.9.2;/home/samba/wangzhi/ocp/ops/ops-build/build/tmp/sysroots/as5712/lib;/home/samba/wangzhi/ocp/ops/ops-build/build/tmp/sysroots/as5712/usr/lib/x86_64-openswitch-linux/4.9.2;/home/samba/wangzhi/ocp/ops/ops-build/build/tmp/sysroots/as5712/usr/lib]
  implicit fwks: []


Determining if the CXX compiler works passed with the following output:
Change Dir: /home/samba/wangzhi/ocp/ops/ops-build/src/ops-pmd/build/CMakeFiles/CMakeTmp

Run Build Command:/usr/bin/gmake "cmTryCompileExec3141885528/fast"
make -f CMakeFiles/cmTryCompileExec3141885528.dir/build.make CMakeFiles/cmTryCompileExec3141885528.dir/build
make[1]: Entering directory `/home/samba/wangzhi/ocp/ops/ops-build/src/ops-pmd/build/CMakeFiles/CMakeTmp'
/home/samba/wangzhi/ocp/ops/ops-build/build/tmp/sysroots/x86_64-linux/usr/bin/cmake -E cmake_progress_report /home/samba/wangzhi/ocp/ops/ops-build/src/ops-pmd/build/CMakeFiles/CMakeTmp/CMakeFiles 1
Building CXX object CMakeFiles/cmTryCompileExec3141885528.dir/testCXXCompiler.cxx.o
/home/samba/wangzhi/ocp/ops/ops-build/build/tmp/sysroots/x86_64-linux/usr/bin/x86_64-openswitch-linux/x86_64-openswitch-linux-g++    -m64 -march=core2 -mtune=core2 -msse3 -mfpmath=sse  --sysroot=/home/samba/wangzhi/ocp/ops/ops-build/build/tmp/sysroots/as5712  -O -fno-omit-frame-pointer -g -feliminate-unused-debug-types -fdebug-prefix-map=/home/samba/wangzhi/ocp/ops/ops-build/src/ops-pmd=/usr/src/debug/ops-pmd/git999-r0 -pipe -fvisibility-inlines-hidden    -o CMakeFiles/cmTryCompileExec3141885528.dir/testCXXCompiler.cxx.o -c /home/samba/wangzhi/ocp/ops/ops-build/src/ops-pmd/build/CMakeFiles/CMakeTmp/testCXXCompiler.cxx
Linking CXX executable cmTryCompileExec3141885528
/home/samba/wangzhi/ocp/ops/ops-build/build/tmp/sysroots/x86_64-linux/usr/bin/cmake -E cmake_link_script CMakeFiles/cmTryCompileExec3141885528.dir/link.txt --verbose=1
/home/samba/wangzhi/ocp/ops/ops-build/build/tmp/sysroots/x86_64-linux/usr/bin/x86_64-openswitch-linux/x86_64-openswitch-linux-g++    -m64 -march=core2 -mtune=core2 -msse3 -mfpmath=sse  --sysroot=/home/samba/wangzhi/ocp/ops/ops-build/build/tmp/sysroots/as5712  -O -fno-omit-frame-pointer -g -feliminate-unused-debug-types -fdebug-prefix-map=/home/samba/wangzhi/ocp/ops/ops-build/src/ops-pmd=/usr/src/debug/ops-pmd/git999-r0 -pipe -fvisibility-inlines-hidden   -m64 -march=core2 -mtune=core2 -msse3 -mfpmath=sse  --sysroot=/home/samba/wangzhi/ocp/ops/ops-build/build/tmp/sysroots/as5712  -O -fno-omit-frame-pointer -g -feliminate-unused-debug-types -fdebug-prefix-map=/home/samba/wangzhi/ocp/ops/ops-build/src/ops-pmd=/usr/src/debug/ops-pmd/git999-r0 -pipe -fvisibility-inlines-hidden -Wl,-O1 -Wl,--hash-style=gnu -Wl,--as-needed  -Wl,-O1 -Wl,--hash-style=gnu -Wl,--as-needed CMakeFiles/cmTryCompileExec3141885528.dir/testCXXCompiler.cxx.o  -o cmTryCompileExec3141885528 -rdynamic 
make[1]: Leaving directory `/home/samba/wangzhi/ocp/ops/ops-build/src/ops-pmd/build/CMakeFiles/CMakeTmp'


Detecting CXX compiler ABI info compiled with the following output:
Change Dir: /home/samba/wangzhi/ocp/ops/ops-build/src/ops-pmd/build/CMakeFiles/CMakeTmp

Run Build Command:/usr/bin/gmake "cmTryCompileExec963350991/fast"
make -f CMakeFiles/cmTryCompileExec963350991.dir/build.make CMakeFiles/cmTryCompileExec963350991.dir/build
make[1]: Entering directory `/home/samba/wangzhi/ocp/ops/ops-build/src/ops-pmd/build/CMakeFiles/CMakeTmp'
/home/samba/wangzhi/ocp/ops/ops-build/build/tmp/sysroots/x86_64-linux/usr/bin/cmake -E cmake_progress_report /home/samba/wangzhi/ocp/ops/ops-build/src/ops-pmd/build/CMakeFiles/CMakeTmp/CMakeFiles 1
Building CXX object CMakeFiles/cmTryCompileExec963350991.dir/CMakeCXXCompilerABI.cpp.o
/home/samba/wangzhi/ocp/ops/ops-build/build/tmp/sysroots/x86_64-linux/usr/bin/x86_64-openswitch-linux/x86_64-openswitch-linux-g++    -m64 -march=core2 -mtune=core2 -msse3 -mfpmath=sse  --sysroot=/home/samba/wangzhi/ocp/ops/ops-build/build/tmp/sysroots/as5712  -O -fno-omit-frame-pointer -g -feliminate-unused-debug-types -fdebug-prefix-map=/home/samba/wangzhi/ocp/ops/ops-build/src/ops-pmd=/usr/src/debug/ops-pmd/git999-r0 -pipe -fvisibility-inlines-hidden    -o CMakeFiles/cmTryCompileExec963350991.dir/CMakeCXXCompilerABI.cpp.o -c /home/samba/wangzhi/ocp/ops/ops-build/build/tmp/sysroots/x86_64-linux/usr/share/cmake-2.8/Modules/CMakeCXXCompilerABI.cpp
Linking CXX executable cmTryCompileExec963350991
/home/samba/wangzhi/ocp/ops/ops-build/build/tmp/sysroots/x86_64-linux/usr/bin/cmake -E cmake_link_script CMakeFiles/cmTryCompileExec963350991.dir/link.txt --verbose=1
/home/samba/wangzhi/ocp/ops/ops-build/build/tmp/sysroots/x86_64-linux/usr/bin/x86_64-openswitch-linux/x86_64-openswitch-linux-g++    -m64 -march=core2 -mtune=core2 -msse3 -mfpmath=sse  --sysroot=/home/samba/wangzhi/ocp/ops/ops-build/build/tmp/sysroots/as5712  -O -fno-omit-frame-pointer -g -feliminate-unused-debug-types -fdebug-prefix-map=/home/samba/wangzhi/ocp/ops/ops-build/src/ops-pmd=/usr/src/debug/ops-pmd/git999-r0 -pipe -fvisibility-inlines-hidden   -m64 -march=core2 -mtune=core2 -msse3 -mfpmath=sse  --sysroot=/home/samba/wangzhi/ocp/ops/ops-build/build/tmp/sysroots/as5712  -O -fno-omit-frame-pointer -g -feliminate-unused-debug-types -fdebug-prefix-map=/home/samba/wangzhi/ocp/ops/ops-build/src/ops-pmd=/usr/src/debug/ops-pmd/git999-r0 -pipe -fvisibility-inlines-hidden -Wl,-O1 -Wl,--hash-style=gnu -Wl,--as-needed -v CMakeFiles/cmTryCompileExec963350991.dir/CMakeCXXCompilerABI.cpp.o  -o cmTryCompileExec963350991 -rdynamic  
Using built-in specs.
COLLECT_GCC=/home/samba/wangzhi/ocp/ops/ops-build/build/tmp/sysroots/x86_64-linux/usr/bin/x86_64-openswitch-linux/x86_64-openswitch-linux-g++
COLLECT_LTO_WRAPPER=/home/samba/wangzhi/ocp/ops/ops-build/build/tmp/sysroots/x86_64-linux/usr/libexec/x86_64-openswitch-linux/gcc/x86_64-openswitch-linux/4.9.2/lto-wrapper
Target: x86_64-openswitch-linux
Configured with: /home/samba/wangzhi/ocp/ops/ops-build/build/tmp/work-shared/gcc-4.9.2-r0/gcc-4.9.2/configure --build=x86_64-linux --host=x86_64-linux --target=x86_64-openswitch-linux --prefix=/home/samba/wangzhi/ocp/ops/ops-build/build/tmp/sysroots/x86_64-linux/usr --exec_prefix=/home/samba/wangzhi/ocp/ops/ops-build/build/tmp/sysroots/x86_64-linux/usr --bindir=/home/samba/wangzhi/ocp/ops/ops-build/build/tmp/sysroots/x86_64-linux/usr/bin/x86_64-openswitch-linux --sbindir=/home/samba/wangzhi/ocp/ops/ops-build/build/tmp/sysroots/x86_64-linux/usr/bin/x86_64-openswitch-linux --libexecdir=/home/samba/wangzhi/ocp/ops/ops-build/build/tmp/sysroots/x86_64-linux/usr/libexec/x86_64-openswitch-linux --datadir=/home/samba/wangzhi/ocp/ops/ops-build/build/tmp/sysroots/x86_64-linux/usr/share --sysconfdir=/home/samba/wangzhi/ocp/ops/ops-build/build/tmp/sysroots/x86_64-linux/etc --sharedstatedir=/home/samba/wangzhi/ocp/ops/ops-build/build/tmp/sysroots/x86_64-linux/com --localstatedir=/home/samba/wangzhi/ocp/ops/ops-build/build/tmp/sysroots/x86_64-linux/var --libdir=/home/samba/wangzhi/ocp/ops/ops-build/build/tmp/sysroots/x86_64-linux/usr/lib/x86_64-openswitch-linux --includedir=/home/samba/wangzhi/ocp/ops/ops-build/build/tmp/sysroots/x86_64-linux/usr/include --oldincludedir=/home/samba/wangzhi/ocp/ops/ops-build/build/tmp/sysroots/x86_64-linux/usr/include --infodir=/home/samba/wangzhi/ocp/ops/ops-build/build/tmp/sysroots/x86_64-linux/usr/share/info --mandir=/home/samba/wangzhi/ocp/ops/ops-build/build/tmp/sysroots/x86_64-linux/usr/share/man --disable-silent-rules --disable-dependency-tracking --with-libtool-sysroot=/home/samba/wangzhi/ocp/ops/ops-build/build/tmp/sysroots/x86_64-linux --enable-clocale=generic --with-gnu-ld --enable-shared --enable-languages=c,c++ --enable-threads=posix --disable-multilib --enable-c99 --enable-long-long --enable-symvers=gnu --enable-libstdcxx-pch --program-prefix=x86_64-openswitch-linux- --without-local-prefix --enable-target-optspace --enable-lto --enable-libssp --disable-bootstrap --disable-libmudflap --with-system-zlib --with-linker-hash-style=gnu --enable-linker-build-id --with-ppl=no --with-cloog=no --enable-checking=release --enable-cheaders=c_global --with-gxx-include-dir=/not/exist/usr/include/c++/4.9.2 --with-sysroot=/not/exist --with-build-sysroot=/home/samba/wangzhi/ocp/ops/ops-build/build/tmp/sysroots/as5712 --enable-poison-system-directories --with-mpfr=/home/samba/wangzhi/ocp/ops/ops-build/build/tmp/sysroots/x86_64-linux/usr --with-system-zlib --disable-nls --enable-__cxa_atexit
Thread model: posix
gcc version 4.9.2 (GCC) 
COMPILER_PATH=/home/samba/wangzhi/ocp/ops/ops-build/build/tmp/sysroots/x86_64-linux/usr/libexec/x86_64-openswitch-linux/gcc/x86_64-openswitch-linux/4.9.2/:/home/samba/wangzhi/ocp/ops/ops-build/build/tmp/sysroots/x86_64-linux/usr/libexec/x86_64-openswitch-linux/gcc/x86_64-openswitch-linux/4.9.2/:/home/samba/wangzhi/ocp/ops/ops-build/build/tmp/sysroots/x86_64-linux/usr/libexec/x86_64-openswitch-linux/gcc/x86_64-openswitch-linux/:/home/samba/wangzhi/ocp/ops/ops-build/build/tmp/sysroots/x86_64-linux/usr/lib/x86_64-openswitch-linux/gcc/x86_64-openswitch-linux/4.9.2/:/home/samba/wangzhi/ocp/ops/ops-build/build/tmp/sysroots/x86_64-linux/usr/lib/x86_64-openswitch-linux/gcc/x86_64-openswitch-linux/
LIBRARY_PATH=/home/samba/wangzhi/ocp/ops/ops-build/build/tmp/sysroots/x86_64-linux/usr/lib/x86_64-openswitch-linux/gcc/x86_64-openswitch-linux/4.9.2/:/home/samba/wangzhi/ocp/ops/ops-build/build/tmp/sysroots/as5712/lib/../lib/:/home/samba/wangzhi/ocp/ops/ops-build/build/tmp/sysroots/as5712/usr/lib/x86_64-openswitch-linux/4.9.2/:/home/samba/wangzhi/ocp/ops/ops-build/build/tmp/sysroots/as5712/usr/lib/../lib/:/home/samba/wangzhi/ocp/ops/ops-build/build/tmp/sysroots/as5712/lib/:/home/samba/wangzhi/ocp/ops/ops-build/build/tmp/sysroots/as5712/usr/lib/
COLLECT_GCC_OPTIONS='--sysroot=/home/samba/wangzhi/ocp/ops/ops-build/build/tmp/sysroots/as5712' '-march=core2' '-mtune=core2' '-mfpmath=sse' '-O' '-g' '-fdebug-prefix-map=/home/samba/wangzhi/ocp/ops/ops-build/src/ops-pmd=/usr/src/debug/ops-pmd/git999-r0' '-pipe' '-m64' '-march=core2' '-mtune=core2' '-msse3' '-mfpmath=sse' '-O' '-fno-omit-frame-pointer' '-g' '-feliminate-unused-debug-types' '-fdebug-prefix-map=/home/samba/wangzhi/ocp/ops/ops-build/src/ops-pmd=/usr/src/debug/ops-pmd/git999-r0' '-pipe' '-fvisibility-inlines-hidden' '-v' '-o' 'cmTryCompileExec963350991' '-rdynamic' '-shared-libgcc'
 /home/samba/wangzhi/ocp/ops/ops-build/build/tmp/sysroots/x86_64-linux/usr/libexec/x86_64-openswitch-linux/gcc/x86_64-openswitch-linux/4.9.2/collect2 -plugin /home/samba/wangzhi/ocp/ops/ops-build/build/tmp/sysroots/x86_64-linux/usr/libexec/x86_64-openswitch-linux/gcc/x86_64-openswitch-linux/4.9.2/liblto_plugin.so -plugin-opt=/home/samba/wangzhi/ocp/ops/ops-build/build/tmp/sysroots/x86_64-linux/usr/libexec/x86_64-openswitch-linux/gcc/x86_64-openswitch-linux/4.9.2/lto-wrapper -plugin-opt=-fresolution=/tmp/ccVd0IE7.res -plugin-opt=-pass-through=-lgcc_s -plugin-opt=-pass-through=-lgcc -plugin-opt=-pass-through=-lc -plugin-opt=-pass-through=-lgcc_s -plugin-opt=-pass-through=-lgcc --sysroot=/home/samba/wangzhi/ocp/ops/ops-build/build/tmp/sysroots/as5712 --build-id --eh-frame-hdr --hash-style=gnu -m elf_x86_64 -export-dynamic -dynamic-linker /lib/ld-linux-x86-64.so.2 -o cmTryCompileExec963350991 /home/samba/wangzhi/ocp/ops/ops-build/build/tmp/sysroots/as5712/usr/lib/../lib/crt1.o /home/samba/wangzhi/ocp/ops/ops-build/build/tmp/sysroots/as5712/usr/lib/../lib/crti.o /home/samba/wangzhi/ocp/ops/ops-build/build/tmp/sysroots/as5712/usr/lib/x86_64-openswitch-linux/4.9.2/crtbegin.o -L/home/samba/wangzhi/ocp/ops/ops-build/build/tmp/sysroots/x86_64-linux/usr/lib/x86_64-openswitch-linux/gcc/x86_64-openswitch-linux/4.9.2 -L/home/samba/wangzhi/ocp/ops/ops-build/build/tmp/sysroots/as5712/lib/../lib -L/home/samba/wangzhi/ocp/ops/ops-build/build/tmp/sysroots/as5712/usr/lib/x86_64-openswitch-linux/4.9.2 -L/home/samba/wangzhi/ocp/ops/ops-build/build/tmp/sysroots/as5712/usr/lib/../lib -L/home/samba/wangzhi/ocp/ops/ops-build/build/tmp/sysroots/as5712/lib -L/home/samba/wangzhi/ocp/ops/ops-build/build/tmp/sysroots/as5712/usr/lib -O1 --hash-style=gnu --as-needed CMakeFiles/cmTryCompileExec963350991.dir/CMakeCXXCompilerABI.cpp.o -lstdc++ -lm -lgcc_s -lgcc -lc -lgcc_s -lgcc /home/samba/wangzhi/ocp/ops/ops-build/build/tmp/sysroots/as5712/usr/lib/x86_64-openswitch-linux/4.9.2/crtend.o /home/samba/wangzhi/ocp/ops/ops-build/build/tmp/sysroots/as5712/usr/lib/../lib/crtn.o
make[1]: Leaving directory `/home/samba/wangzhi/ocp/ops/ops-build/src/ops-pmd/build/CMakeFiles/CMakeTmp'


Parsed CXX implicit link information from above output:
  link line regex: [^( *|.*[/\])(x86_64-openswitch-linux-ld|([^/\]+-)?ld|collect2)[^/\]*( |$)]
  ignore line: [Change Dir: /home/samba/wangzhi/ocp/ops/ops-build/src/ops-pmd/build/CMakeFiles/CMakeTmp]
  ignore line: []
  ignore line: [Run Build Command:/usr/bin/gmake "cmTryCompileExec963350991/fast"]
  ignore line: [make -f CMakeFiles/cmTryCompileExec963350991.dir/build.make CMakeFiles/cmTryCompileExec963350991.dir/build]
  ignore line: [make[1]: Entering directory `/home/samba/wangzhi/ocp/ops/ops-build/src/ops-pmd/build/CMakeFiles/CMakeTmp']
  ignore line: [/home/samba/wangzhi/ocp/ops/ops-build/build/tmp/sysroots/x86_64-linux/usr/bin/cmake -E cmake_progress_report /home/samba/wangzhi/ocp/ops/ops-build/src/ops-pmd/build/CMakeFiles/CMakeTmp/CMakeFiles 1]
  ignore line: [Building CXX object CMakeFiles/cmTryCompileExec963350991.dir/CMakeCXXCompilerABI.cpp.o]
  ignore line: [/home/samba/wangzhi/ocp/ops/ops-build/build/tmp/sysroots/x86_64-linux/usr/bin/x86_64-openswitch-linux/x86_64-openswitch-linux-g++    -m64 -march=core2 -mtune=core2 -msse3 -mfpmath=sse  --sysroot=/home/samba/wangzhi/ocp/ops/ops-build/build/tmp/sysroots/as5712  -O -fno-omit-frame-pointer -g -feliminate-unused-debug-types -fdebug-prefix-map=/home/samba/wangzhi/ocp/ops/ops-build/src/ops-pmd=/usr/src/debug/ops-pmd/git999-r0 -pipe -fvisibility-inlines-hidden    -o CMakeFiles/cmTryCompileExec963350991.dir/CMakeCXXCompilerABI.cpp.o -c /home/samba/wangzhi/ocp/ops/ops-build/build/tmp/sysroots/x86_64-linux/usr/share/cmake-2.8/Modules/CMakeCXXCompilerABI.cpp]
  ignore line: [Linking CXX executable cmTryCompileExec963350991]
  ignore line: [/home/samba/wangzhi/ocp/ops/ops-build/build/tmp/sysroots/x86_64-linux/usr/bin/cmake -E cmake_link_script CMakeFiles/cmTryCompileExec963350991.dir/link.txt --verbose=1]
  ignore line: [/home/samba/wangzhi/ocp/ops/ops-build/build/tmp/sysroots/x86_64-linux/usr/bin/x86_64-openswitch-linux/x86_64-openswitch-linux-g++    -m64 -march=core2 -mtune=core2 -msse3 -mfpmath=sse  --sysroot=/home/samba/wangzhi/ocp/ops/ops-build/build/tmp/sysroots/as5712  -O -fno-omit-frame-pointer -g -feliminate-unused-debug-types -fdebug-prefix-map=/home/samba/wangzhi/ocp/ops/ops-build/src/ops-pmd=/usr/src/debug/ops-pmd/git999-r0 -pipe -fvisibility-inlines-hidden   -m64 -march=core2 -mtune=core2 -msse3 -mfpmath=sse  --sysroot=/home/samba/wangzhi/ocp/ops/ops-build/build/tmp/sysroots/as5712  -O -fno-omit-frame-pointer -g -feliminate-unused-debug-types -fdebug-prefix-map=/home/samba/wangzhi/ocp/ops/ops-build/src/ops-pmd=/usr/src/debug/ops-pmd/git999-r0 -pipe -fvisibility-inlines-hidden -Wl,-O1 -Wl,--hash-style=gnu -Wl,--as-needed -v CMakeFiles/cmTryCompileExec963350991.dir/CMakeCXXCompilerABI.cpp.o  -o cmTryCompileExec963350991 -rdynamic  ]
  ignore line: [Using built-in specs.]
  ignore line: [COLLECT_GCC=/home/samba/wangzhi/ocp/ops/ops-build/build/tmp/sysroots/x86_64-linux/usr/bin/x86_64-openswitch-linux/x86_64-openswitch-linux-g++]
  ignore line: [COLLECT_LTO_WRAPPER=/home/samba/wangzhi/ocp/ops/ops-build/build/tmp/sysroots/x86_64-linux/usr/libexec/x86_64-openswitch-linux/gcc/x86_64-openswitch-linux/4.9.2/lto-wrapper]
  ignore line: [Target: x86_64-openswitch-linux]
  ignore line: [Configured with: /home/samba/wangzhi/ocp/ops/ops-build/build/tmp/work-shared/gcc-4.9.2-r0/gcc-4.9.2/configure --build=x86_64-linux --host=x86_64-linux --target=x86_64-openswitch-linux --prefix=/home/samba/wangzhi/ocp/ops/ops-build/build/tmp/sysroots/x86_64-linux/usr --exec_prefix=/home/samba/wangzhi/ocp/ops/ops-build/build/tmp/sysroots/x86_64-linux/usr --bindir=/home/samba/wangzhi/ocp/ops/ops-build/build/tmp/sysroots/x86_64-linux/usr/bin/x86_64-openswitch-linux --sbindir=/home/samba/wangzhi/ocp/ops/ops-build/build/tmp/sysroots/x86_64-linux/usr/bin/x86_64-openswitch-linux --libexecdir=/home/samba/wangzhi/ocp/ops/ops-build/build/tmp/sysroots/x86_64-linux/usr/libexec/x86_64-openswitch-linux --datadir=/home/samba/wangzhi/ocp/ops/ops-build/build/tmp/sysroots/x86_64-linux/usr/share --sysconfdir=/home/samba/wangzhi/ocp/ops/ops-build/build/tmp/sysroots/x86_64-linux/etc --sharedstatedir=/home/samba/wangzhi/ocp/ops/ops-build/build/tmp/sysroots/x86_64-linux/com --localstatedir=/home/samba/wangzhi/ocp/ops/ops-build/build/tmp/sysroots/x86_64-linux/var --libdir=/home/samba/wangzhi/ocp/ops/ops-build/build/tmp/sysroots/x86_64-linux/usr/lib/x86_64-openswitch-linux --includedir=/home/samba/wangzhi/ocp/ops/ops-build/build/tmp/sysroots/x86_64-linux/usr/include --oldincludedir=/home/samba/wangzhi/ocp/ops/ops-build/build/tmp/sysroots/x86_64-linux/usr/include --infodir=/home/samba/wangzhi/ocp/ops/ops-build/build/tmp/sysroots/x86_64-linux/usr/share/info --mandir=/home/samba/wangzhi/ocp/ops/ops-build/build/tmp/sysroots/x86_64-linux/usr/share/man --disable-silent-rules --disable-dependency-tracking --with-libtool-sysroot=/home/samba/wangzhi/ocp/ops/ops-build/build/tmp/sysroots/x86_64-linux --enable-clocale=generic --with-gnu-ld --enable-shared --enable-languages=c,c++ --enable-threads=posix --disable-multilib --enable-c99 --enable-long-long --enable-symvers=gnu --enable-libstdcxx-pch --program-prefix=x86_64-openswitch-linux- --without-local-prefix --enable-target-optspace --enable-lto --enable-libssp --disable-bootstrap --disable-libmudflap --with-system-zlib --with-linker-hash-style=gnu --enable-linker-build-id --with-ppl=no --with-cloog=no --enable-checking=release --enable-cheaders=c_global --with-gxx-include-dir=/not/exist/usr/include/c++/4.9.2 --with-sysroot=/not/exist --with-build-sysroot=/home/samba/wangzhi/ocp/ops/ops-build/build/tmp/sysroots/as5712 --enable-poison-system-directories --with-mpfr=/home/samba/wangzhi/ocp/ops/ops-build/build/tmp/sysroots/x86_64-linux/usr --with-system-zlib --disable-nls --enable-__cxa_atexit]
  ignore line: [Thread model: posix]
  ignore line: [gcc version 4.9.2 (GCC) ]
  ignore line: [COMPILER_PATH=/home/samba/wangzhi/ocp/ops/ops-build/build/tmp/sysroots/x86_64-linux/usr/libexec/x86_64-openswitch-linux/gcc/x86_64-openswitch-linux/4.9.2/:/home/samba/wangzhi/ocp/ops/ops-build/build/tmp/sysroots/x86_64-linux/usr/libexec/x86_64-openswitch-linux/gcc/x86_64-openswitch-linux/4.9.2/:/home/samba/wangzhi/ocp/ops/ops-build/build/tmp/sysroots/x86_64-linux/usr/libexec/x86_64-openswitch-linux/gcc/x86_64-openswitch-linux/:/home/samba/wangzhi/ocp/ops/ops-build/build/tmp/sysroots/x86_64-linux/usr/lib/x86_64-openswitch-linux/gcc/x86_64-openswitch-linux/4.9.2/:/home/samba/wangzhi/ocp/ops/ops-build/build/tmp/sysroots/x86_64-linux/usr/lib/x86_64-openswitch-linux/gcc/x86_64-openswitch-linux/]
  ignore line: [LIBRARY_PATH=/home/samba/wangzhi/ocp/ops/ops-build/build/tmp/sysroots/x86_64-linux/usr/lib/x86_64-openswitch-linux/gcc/x86_64-openswitch-linux/4.9.2/:/home/samba/wangzhi/ocp/ops/ops-build/build/tmp/sysroots/as5712/lib/../lib/:/home/samba/wangzhi/ocp/ops/ops-build/build/tmp/sysroots/as5712/usr/lib/x86_64-openswitch-linux/4.9.2/:/home/samba/wangzhi/ocp/ops/ops-build/build/tmp/sysroots/as5712/usr/lib/../lib/:/home/samba/wangzhi/ocp/ops/ops-build/build/tmp/sysroots/as5712/lib/:/home/samba/wangzhi/ocp/ops/ops-build/build/tmp/sysroots/as5712/usr/lib/]
  ignore line: [COLLECT_GCC_OPTIONS='--sysroot=/home/samba/wangzhi/ocp/ops/ops-build/build/tmp/sysroots/as5712' '-march=core2' '-mtune=core2' '-mfpmath=sse' '-O' '-g' '-fdebug-prefix-map=/home/samba/wangzhi/ocp/ops/ops-build/src/ops-pmd=/usr/src/debug/ops-pmd/git999-r0' '-pipe' '-m64' '-march=core2' '-mtune=core2' '-msse3' '-mfpmath=sse' '-O' '-fno-omit-frame-pointer' '-g' '-feliminate-unused-debug-types' '-fdebug-prefix-map=/home/samba/wangzhi/ocp/ops/ops-build/src/ops-pmd=/usr/src/debug/ops-pmd/git999-r0' '-pipe' '-fvisibility-inlines-hidden' '-v' '-o' 'cmTryCompileExec963350991' '-rdynamic' '-shared-libgcc']
  link line: [ /home/samba/wangzhi/ocp/ops/ops-build/build/tmp/sysroots/x86_64-linux/usr/libexec/x86_64-openswitch-linux/gcc/x86_64-openswitch-linux/4.9.2/collect2 -plugin /home/samba/wangzhi/ocp/ops/ops-build/build/tmp/sysroots/x86_64-linux/usr/libexec/x86_64-openswitch-linux/gcc/x86_64-openswitch-linux/4.9.2/liblto_plugin.so -plugin-opt=/home/samba/wangzhi/ocp/ops/ops-build/build/tmp/sysroots/x86_64-linux/usr/libexec/x86_64-openswitch-linux/gcc/x86_64-openswitch-linux/4.9.2/lto-wrapper -plugin-opt=-fresolution=/tmp/ccVd0IE7.res -plugin-opt=-pass-through=-lgcc_s -plugin-opt=-pass-through=-lgcc -plugin-opt=-pass-through=-lc -plugin-opt=-pass-through=-lgcc_s -plugin-opt=-pass-through=-lgcc --sysroot=/home/samba/wangzhi/ocp/ops/ops-build/build/tmp/sysroots/as5712 --build-id --eh-frame-hdr --hash-style=gnu -m elf_x86_64 -export-dynamic -dynamic-linker /lib/ld-linux-x86-64.so.2 -o cmTryCompileExec963350991 /home/samba/wangzhi/ocp/ops/ops-build/build/tmp/sysroots/as5712/usr/lib/../lib/crt1.o /home/samba/wangzhi/ocp/ops/ops-build/build/tmp/sysroots/as5712/usr/lib/../lib/crti.o /home/samba/wangzhi/ocp/ops/ops-build/build/tmp/sysroots/as5712/usr/lib/x86_64-openswitch-linux/4.9.2/crtbegin.o -L/home/samba/wangzhi/ocp/ops/ops-build/build/tmp/sysroots/x86_64-linux/usr/lib/x86_64-openswitch-linux/gcc/x86_64-openswitch-linux/4.9.2 -L/home/samba/wangzhi/ocp/ops/ops-build/build/tmp/sysroots/as5712/lib/../lib -L/home/samba/wangzhi/ocp/ops/ops-build/build/tmp/sysroots/as5712/usr/lib/x86_64-openswitch-linux/4.9.2 -L/home/samba/wangzhi/ocp/ops/ops-build/build/tmp/sysroots/as5712/usr/lib/../lib -L/home/samba/wangzhi/ocp/ops/ops-build/build/tmp/sysroots/as5712/lib -L/home/samba/wangzhi/ocp/ops/ops-build/build/tmp/sysroots/as5712/usr/lib -O1 --hash-style=gnu --as-needed CMakeFiles/cmTryCompileExec963350991.dir/CMakeCXXCompilerABI.cpp.o -lstdc++ -lm -lgcc_s -lgcc -lc -lgcc_s -lgcc /home/samba/wangzhi/ocp/ops/ops-build/build/tmp/sysroots/as5712/usr/lib/x86_64-openswitch-linux/4.9.2/crtend.o /home/samba/wangzhi/ocp/ops/ops-build/build/tmp/sysroots/as5712/usr/lib/../lib/crtn.o]
    arg [/home/samba/wangzhi/ocp/ops/ops-build/build/tmp/sysroots/x86_64-linux/usr/libexec/x86_64-openswitch-linux/gcc/x86_64-openswitch-linux/4.9.2/collect2] ==> ignore
    arg [-plugin] ==> ignore
    arg [/home/samba/wangzhi/ocp/ops/ops-build/build/tmp/sysroots/x86_64-linux/usr/libexec/x86_64-openswitch-linux/gcc/x86_64-openswitch-linux/4.9.2/liblto_plugin.so] ==> ignore
    arg [-plugin-opt=/home/samba/wangzhi/ocp/ops/ops-build/build/tmp/sysroots/x86_64-linux/usr/libexec/x86_64-openswitch-linux/gcc/x86_64-openswitch-linux/4.9.2/lto-wrapper] ==> ignore
    arg [-plugin-opt=-fresolution=/tmp/ccVd0IE7.res] ==> ignore
    arg [-plugin-opt=-pass-through=-lgcc_s] ==> ignore
    arg [-plugin-opt=-pass-through=-lgcc] ==> ignore
    arg [-plugin-opt=-pass-through=-lc] ==> ignore
    arg [-plugin-opt=-pass-through=-lgcc_s] ==> ignore
    arg [-plugin-opt=-pass-through=-lgcc] ==> ignore
    arg [--sysroot=/home/samba/wangzhi/ocp/ops/ops-build/build/tmp/sysroots/as5712] ==> ignore
    arg [--build-id] ==> ignore
    arg [--eh-frame-hdr] ==> ignore
    arg [--hash-style=gnu] ==> ignore
    arg [-m] ==> ignore
    arg [elf_x86_64] ==> ignore
    arg [-export-dynamic] ==> ignore
    arg [-dynamic-linker] ==> ignore
    arg [/lib/ld-linux-x86-64.so.2] ==> ignore
    arg [-o] ==> ignore
    arg [cmTryCompileExec963350991] ==> ignore
    arg [/home/samba/wangzhi/ocp/ops/ops-build/build/tmp/sysroots/as5712/usr/lib/../lib/crt1.o] ==> ignore
    arg [/home/samba/wangzhi/ocp/ops/ops-build/build/tmp/sysroots/as5712/usr/lib/../lib/crti.o] ==> ignore
    arg [/home/samba/wangzhi/ocp/ops/ops-build/build/tmp/sysroots/as5712/usr/lib/x86_64-openswitch-linux/4.9.2/crtbegin.o] ==> ignore
    arg [-L/home/samba/wangzhi/ocp/ops/ops-build/build/tmp/sysroots/x86_64-linux/usr/lib/x86_64-openswitch-linux/gcc/x86_64-openswitch-linux/4.9.2] ==> dir [/home/samba/wangzhi/ocp/ops/ops-build/build/tmp/sysroots/x86_64-linux/usr/lib/x86_64-openswitch-linux/gcc/x86_64-openswitch-linux/4.9.2]
    arg [-L/home/samba/wangzhi/ocp/ops/ops-build/build/tmp/sysroots/as5712/lib/../lib] ==> dir [/home/samba/wangzhi/ocp/ops/ops-build/build/tmp/sysroots/as5712/lib/../lib]
    arg [-L/home/samba/wangzhi/ocp/ops/ops-build/build/tmp/sysroots/as5712/usr/lib/x86_64-openswitch-linux/4.9.2] ==> dir [/home/samba/wangzhi/ocp/ops/ops-build/build/tmp/sysroots/as5712/usr/lib/x86_64-openswitch-linux/4.9.2]
    arg [-L/home/samba/wangzhi/ocp/ops/ops-build/build/tmp/sysroots/as5712/usr/lib/../lib] ==> dir [/home/samba/wangzhi/ocp/ops/ops-build/build/tmp/sysroots/as5712/usr/lib/../lib]
    arg [-L/home/samba/wangzhi/ocp/ops/ops-build/build/tmp/sysroots/as5712/lib] ==> dir [/home/samba/wangzhi/ocp/ops/ops-build/build/tmp/sysroots/as5712/lib]
    arg [-L/home/samba/wangzhi/ocp/ops/ops-build/build/tmp/sysroots/as5712/usr/lib] ==> dir [/home/samba/wangzhi/ocp/ops/ops-build/build/tmp/sysroots/as5712/usr/lib]
    arg [-O1] ==> ignore
    arg [--hash-style=gnu] ==> ignore
    arg [--as-needed] ==> ignore
    arg [CMakeFiles/cmTryCompileExec963350991.dir/CMakeCXXCompilerABI.cpp.o] ==> ignore
    arg [-lstdc++] ==> lib [stdc++]
    arg [-lm] ==> lib [m]
    arg [-lgcc_s] ==> lib [gcc_s]
    arg [-lgcc] ==> lib [gcc]
    arg [-lc] ==> lib [c]
    arg [-lgcc_s] ==> lib [gcc_s]
    arg [-lgcc] ==> lib [gcc]
    arg [/home/samba/wangzhi/ocp/ops/ops-build/build/tmp/sysroots/as5712/usr/lib/x86_64-openswitch-linux/4.9.2/crtend.o] ==> ignore
    arg [/home/samba/wangzhi/ocp/ops/ops-build/build/tmp/sysroots/as5712/usr/lib/../lib/crtn.o] ==> ignore
  remove lib [gcc_s]
  remove lib [gcc]
  remove lib [gcc_s]
  remove lib [gcc]
  collapse library dir [/home/samba/wangzhi/ocp/ops/ops-build/build/tmp/sysroots/x86_64-linux/usr/lib/x86_64-openswitch-linux/gcc/x86_64-openswitch-linux/4.9.2] ==> [/home/samba/wangzhi/ocp/ops/ops-build/build/tmp/sysroots/x86_64-linux/usr/lib/x86_64-openswitch-linux/gcc/x86_64-openswitch-linux/4.9.2]
  collapse library dir [/home/samba/wangzhi/ocp/ops/ops-build/build/tmp/sysroots/as5712/lib/../lib] ==> [/home/samba/wangzhi/ocp/ops/ops-build/build/tmp/sysroots/as5712/lib]
  collapse library dir [/home/samba/wangzhi/ocp/ops/ops-build/build/tmp/sysroots/as5712/usr/lib/x86_64-openswitch-linux/4.9.2] ==> [/home/samba/wangzhi/ocp/ops/ops-build/build/tmp/sysroots/as5712/usr/lib/x86_64-openswitch-linux/4.9.2]
  collapse library dir [/home/samba/wangzhi/ocp/ops/ops-build/build/tmp/sysroots/as5712/usr/lib/../lib] ==> [/home/samba/wangzhi/ocp/ops/ops-build/build/tmp/sysroots/as5712/usr/lib]
  collapse library dir [/home/samba/wangzhi/ocp/ops/ops-build/build/tmp/sysroots/as5712/lib] ==> [/home/samba/wangzhi/ocp/ops/ops-build/build/tmp/sysroots/as5712/lib]
  collapse library dir [/home/samba/wangzhi/ocp/ops/ops-build/build/tmp/sysroots/as5712/usr/lib] ==> [/home/samba/wangzhi/ocp/ops/ops-build/build/tmp/sysroots/as5712/usr/lib]
  implicit libs: [stdc++;m;c]
  implicit dirs: [/home/samba/wangzhi/ocp/ops/ops-build/build/tmp/sysroots/x86_64-linux/usr/lib/x86_64-openswitch-linux/gcc/x86_64-openswitch-linux/4.9.2;/home/samba/wangzhi/ocp/ops/ops-build/build/tmp/sysroots/as5712/lib;/home/samba/wangzhi/ocp/ops/ops-build/build/tmp/sysroots/as5712/usr/lib/x86_64-openswitch-linux/4.9.2;/home/samba/wangzhi/ocp/ops/ops-build/build/tmp/sysroots/as5712/usr/lib]
  implicit fwks: []


